<?xml version="1.0" encoding="UTF-8"?>
<testsuite xmlns:xsi="http://www.w3.org/2001/XMLSchema-instance" xsi:noNamespaceSchemaLocation="https://maven.apache.org/surefire/maven-surefire-plugin/xsd/surefire-test-report-3.0.xsd" version="3.0" name="com.mycompany.tallertest.CalculadoraTest" time="0.089" tests="29" errors="0" skipped="0" failures="0">
  <properties>
[...]
</properties>
  <testcase name="testRadicacion" classname="com.mycompany.tallertest.CalculadoraTest" time="0.011">
    <system-out><![CDATA[radicacion
]]></system-out>
  </testcase>
  <testcase name="testMultiplicacion_TCM01" classname="com.mycompany.tallertest.CalculadoraTest" time="0.0"/>
  <testcase name="testMultiplicacion_TCM02" classname="com.mycompany.tallertest.CalculadoraTest" time="0.0"/>
  <testcase name="testMultiplicacion_TCM03" classname="com.mycompany.tallertest.CalculadoraTest" time="0.0"/>
  <testcase name="testMultiplicacion_TCM04" classname="com.mycompany.tallertest.CalculadoraTest" time="0.0"/>
  <testcase name="testExponenciacion" classname="com.mycompany.tallertest.CalculadoraTest" time="0.001">
    <system-out><![CDATA[exponenciacion
]]></system-out>
  </testcase>
  <testcase name="testResta_TCR01" classname="com.mycompany.tallertest.CalculadoraTest" time="0.0"/>
  <testcase name="testResta_TCR02" classname="com.mycompany.tallertest.CalculadoraTest" time="0.0"/>
  <testcase name="testResta_TCR03" classname="com.mycompany.tallertest.CalculadoraTest" time="0.0"/>
  <testcase name="testResta_TCR04" classname="com.mycompany.tallertest.CalculadoraTest" time="0.0"/>
  <testcase name="testResta_TCR05" classname="com.mycompany.tallertest.CalculadoraTest" time="0.0"/>
  <testcase name="testResta_TCR06" classname="com.mycompany.tallertest.CalculadoraTest" time="0.0"/>
  <testcase name="testResta_TCR07" classname="com.mycompany.tallertest.CalculadoraTest" time="0.0"/>
  <testcase name="testSonAmigos_TCNAC01" classname="com.mycompany.tallertest.CalculadoraTest" time="0.002">
    <system-out><![CDATA[sonAmigos_TCNAC01
]]></system-out>
  </testcase>
  <testcase name="testSonAmigos_TCNAC02" classname="com.mycompany.tallertest.CalculadoraTest" time="0.001">
    <system-out><![CDATA[sonAmigos_TCNAC02
]]></system-out>
  </testcase>
  <testcase name="testSonAmigos_TCNAC03" classname="com.mycompany.tallertest.CalculadoraTest" time="0.001">
    <system-out><![CDATA[sonAmigos_TCNAC03
]]></system-out>
  </testcase>
  <testcase name="testSonAmigos_TCNAC04" classname="com.mycompany.tallertest.CalculadoraTest" time="0.0">
    <system-out><![CDATA[sonAmigos_TCNAC04
]]></system-out>
  </testcase>
  <testcase name="testSonAmigos" classname="com.mycompany.tallertest.CalculadoraTest" time="0.001">
    <system-out><![CDATA[sonAmigos
]]></system-out>
  </testcase>
  <testcase name="testSumaDivisores" classname="com.mycompany.tallertest.CalculadoraTest" time="0.001">
    <system-out><![CDATA[sumaDivisores
]]></system-out>
  </testcase>
  <testcase name="testSuma_TCS01" classname="com.mycompany.tallertest.CalculadoraTest" time="0.001">
    <system-out><![CDATA[suma
]]></system-out>
  </testcase>
  <testcase name="testSuma_TCS02" classname="com.mycompany.tallertest.CalculadoraTest" time="0.0">
    <system-out><![CDATA[suma
]]></system-out>
  </testcase>
  <testcase name="testSuma_TCS03" classname="com.mycompany.tallertest.CalculadoraTest" time="0.001">
    <system-out><![CDATA[suma
]]></system-out>
  </testcase>
  <testcase name="testSuma_TCS04" classname="com.mycompany.tallertest.CalculadoraTest" time="0.0">
    <system-out><![CDATA[suma
]]></system-out>
  </testcase>
  <testcase name="testSuma_TCS05" classname="com.mycompany.tallertest.CalculadoraTest" time="0.0">
    <system-out><![CDATA[suma
]]></system-out>
  </testcase>
  <testcase name="testDivision_TCD01" classname="com.mycompany.tallertest.CalculadoraTest" time="0.0"/>
  <testcase name="testDivision_TCD02" classname="com.mycompany.tallertest.CalculadoraTest" time="0.0"/>
  <testcase name="testDivision_TCD03" classname="com.mycompany.tallertest.CalculadoraTest" time="0.0"/>
  <testcase name="testDivision_TCD04" classname="com.mycompany.tallertest.CalculadoraTest" time="0.0"/>
  <testcase name="testDivision_TCD05" classname="com.mycompany.tallertest.CalculadoraTest" time="0.0"/>
</testsuite>